#! /usr/bin/vvp
:ivl_version "10.1 (stable)";
:ivl_delay_selection "TYPICAL";
:vpi_time_precision - 12;
:vpi_module "system";
:vpi_module "vhdl_sys";
:vpi_module "v2005_math";
:vpi_module "va_math";
S_0x5641246d1850 .scope module, "Mux2x1_11" "Mux2x1_11" 2 24;
 .timescale -9 -12;
    .port_info 0 /INPUT 11 "i1"
    .port_info 1 /INPUT 11 "i0"
    .port_info 2 /INPUT 1 "sel"
    .port_info 3 /OUTPUT 11 "out"
v0x5641246f63d0_0 .net *"_s0", 0 0, L_0x5641246f8840;  1 drivers
v0x5641246f64d0_0 .net *"_s10", 0 0, L_0x5641246f8f80;  1 drivers
v0x5641246f65b0_0 .net *"_s100", 0 0, L_0x5641246fe180;  1 drivers
v0x5641246f6670_0 .net *"_s104", 0 0, L_0x5641246fe980;  1 drivers
v0x5641246f6750_0 .net *"_s108", 0 0, L_0x5641246ff0d0;  1 drivers
v0x5641246f6880_0 .net *"_s13", 0 0, L_0x5641246f9280;  1 drivers
v0x5641246f6960_0 .net *"_s16", 0 0, L_0x5641246f9420;  1 drivers
v0x5641246f6a40_0 .net *"_s20", 0 0, L_0x5641246f9790;  1 drivers
v0x5641246f6b20_0 .net *"_s23", 0 0, L_0x5641246f99b0;  1 drivers
v0x5641246f6c90_0 .net *"_s26", 0 0, L_0x5641246f9b70;  1 drivers
v0x5641246f6d70_0 .net *"_s3", 0 0, L_0x5641246f8a60;  1 drivers
v0x5641246f6e50_0 .net *"_s30", 0 0, L_0x5641246f9e10;  1 drivers
v0x5641246f6f30_0 .net *"_s33", 0 0, L_0x5641246fa0a0;  1 drivers
v0x5641246f7010_0 .net *"_s36", 0 0, L_0x5641246f9da0;  1 drivers
v0x5641246f70f0_0 .net *"_s40", 0 0, L_0x5641246fa600;  1 drivers
v0x5641246f71d0_0 .net *"_s43", 0 0, L_0x5641246fa800;  1 drivers
v0x5641246f72b0_0 .net *"_s46", 0 0, L_0x5641246faa00;  1 drivers
v0x5641246f74a0_0 .net *"_s50", 0 0, L_0x5641246fad90;  1 drivers
v0x5641246f7580_0 .net *"_s53", 0 0, L_0x5641246faf40;  1 drivers
v0x5641246f7660_0 .net *"_s56", 0 0, L_0x5641246fb160;  1 drivers
v0x5641246f7740_0 .net *"_s6", 0 0, L_0x5641246f8c70;  1 drivers
v0x5641246f7820_0 .net *"_s60", 0 0, L_0x5641246fb510;  1 drivers
v0x5641246f7900_0 .net *"_s63", 0 0, L_0x5641246fb760;  1 drivers
v0x5641246f79e0_0 .net *"_s66", 0 0, L_0x5641246fb9a0;  1 drivers
v0x5641246f7ac0_0 .net *"_s70", 0 0, L_0x5641246fbd70;  1 drivers
v0x5641246f7ba0_0 .net *"_s73", 0 0, L_0x5641246fc0d0;  1 drivers
v0x5641246f7c80_0 .net *"_s76", 0 0, L_0x5641246fc540;  1 drivers
v0x5641246f7d60_0 .net *"_s80", 0 0, L_0x5641246fcb50;  1 drivers
v0x5641246f7e40_0 .net *"_s83", 0 0, L_0x5641246fcda0;  1 drivers
v0x5641246f7f20_0 .net *"_s86", 0 0, L_0x5641246fd020;  1 drivers
v0x5641246f8000_0 .net *"_s90", 0 0, L_0x5641246fd430;  1 drivers
v0x5641246f80e0_0 .net *"_s93", 0 0, L_0x5641246fd680;  1 drivers
v0x5641246f81c0_0 .net *"_s96", 0 0, L_0x5641246fd920;  1 drivers
o0x7fd6409b1098 .functor BUFZ 11, C4<zzzzzzzzzzz>; HiZ drive
v0x5641246f82a0_0 .net "i0", 10 0, o0x7fd6409b1098;  0 drivers
o0x7fd6409b10c8 .functor BUFZ 11, C4<zzzzzzzzzzz>; HiZ drive
v0x5641246f8380_0 .net "i1", 10 0, o0x7fd6409b10c8;  0 drivers
v0x5641246f8460_0 .net "out", 10 0, L_0x5641246feca0;  1 drivers
o0x7fd6409b1128 .functor BUFZ 1, C4<z>; HiZ drive
v0x5641246f8540_0 .net "sel", 0 0, o0x7fd6409b1128;  0 drivers
v0x5641246f8600_0 .net "w1", 10 0, L_0x5641246fdd50;  1 drivers
v0x5641246f86e0_0 .net "w2", 10 0, L_0x5641246fe550;  1 drivers
L_0x5641246f8900 .part o0x7fd6409b1098, 0, 1;
L_0x5641246f8b80 .part o0x7fd6409b10c8, 0, 1;
L_0x5641246f8d70 .part L_0x5641246fdd50, 0, 1;
L_0x5641246f8e60 .part L_0x5641246fe550, 0, 1;
L_0x5641246f9080 .part o0x7fd6409b1098, 1, 1;
L_0x5641246f92f0 .part o0x7fd6409b10c8, 1, 1;
L_0x5641246f94c0 .part L_0x5641246fdd50, 1, 1;
L_0x5641246f9600 .part L_0x5641246fe550, 1, 1;
L_0x5641246f9800 .part o0x7fd6409b1098, 2, 1;
L_0x5641246f9a20 .part o0x7fd6409b10c8, 2, 1;
L_0x5641246f9c10 .part L_0x5641246fdd50, 2, 1;
L_0x5641246f9cb0 .part L_0x5641246fe550, 2, 1;
L_0x5641246f9eb0 .part o0x7fd6409b1098, 3, 1;
L_0x5641246fa110 .part o0x7fd6409b10c8, 3, 1;
L_0x5641246fa310 .part L_0x5641246fdd50, 3, 1;
L_0x5641246fa440 .part L_0x5641246fe550, 3, 1;
L_0x5641246fa6a0 .part o0x7fd6409b1098, 4, 1;
L_0x5641246fa870 .part o0x7fd6409b10c8, 4, 1;
L_0x5641246fab00 .part L_0x5641246fdd50, 4, 1;
L_0x5641246fabf0 .part L_0x5641246fe550, 4, 1;
L_0x5641246fa960 .part o0x7fd6409b1098, 5, 1;
L_0x5641246fafb0 .part o0x7fd6409b10c8, 5, 1;
L_0x5641246fb260 .part L_0x5641246fdd50, 5, 1;
L_0x5641246fb350 .part L_0x5641246fe550, 5, 1;
L_0x5641246fb5b0 .part o0x7fd6409b1098, 6, 1;
L_0x5641246fb7d0 .part o0x7fd6409b10c8, 6, 1;
L_0x5641246fbaa0 .part L_0x5641246fdd50, 6, 1;
L_0x5641246fbb90 .part L_0x5641246fe550, 6, 1;
L_0x5641246fbe10 .part o0x7fd6409b1098, 7, 1;
L_0x5641246fc350 .part o0x7fd6409b10c8, 7, 1;
L_0x5641246fc640 .part L_0x5641246fdd50, 7, 1;
L_0x5641246fc840 .part L_0x5641246fe550, 7, 1;
L_0x5641246fcbf0 .part o0x7fd6409b1098, 8, 1;
L_0x5641246fce10 .part o0x7fd6409b10c8, 8, 1;
L_0x5641246fd120 .part L_0x5641246fdd50, 8, 1;
L_0x5641246fd210 .part L_0x5641246fe550, 8, 1;
L_0x5641246fd4d0 .part o0x7fd6409b1098, 9, 1;
L_0x5641246fd6f0 .part o0x7fd6409b10c8, 9, 1;
L_0x5641246fda20 .part L_0x5641246fdd50, 9, 1;
L_0x5641246fdb10 .part L_0x5641246fe550, 9, 1;
LS_0x5641246fdd50_0_0 .concat8 [ 1 1 1 1], L_0x5641246f8840, L_0x5641246f8f80, L_0x5641246f9790, L_0x5641246f9e10;
LS_0x5641246fdd50_0_4 .concat8 [ 1 1 1 1], L_0x5641246fa600, L_0x5641246fad90, L_0x5641246fb510, L_0x5641246fbd70;
LS_0x5641246fdd50_0_8 .concat8 [ 1 1 1 0], L_0x5641246fcb50, L_0x5641246fd430, L_0x5641246fe180;
L_0x5641246fdd50 .concat8 [ 4 4 3 0], LS_0x5641246fdd50_0_0, LS_0x5641246fdd50_0_4, LS_0x5641246fdd50_0_8;
L_0x5641246fe240 .part o0x7fd6409b1098, 10, 1;
LS_0x5641246fe550_0_0 .concat8 [ 1 1 1 1], L_0x5641246f8a60, L_0x5641246f9280, L_0x5641246f99b0, L_0x5641246fa0a0;
LS_0x5641246fe550_0_4 .concat8 [ 1 1 1 1], L_0x5641246fa800, L_0x5641246faf40, L_0x5641246fb760, L_0x5641246fc0d0;
LS_0x5641246fe550_0_8 .concat8 [ 1 1 1 0], L_0x5641246fcda0, L_0x5641246fd680, L_0x5641246fe980;
L_0x5641246fe550 .concat8 [ 4 4 3 0], LS_0x5641246fe550_0_0, LS_0x5641246fe550_0_4, LS_0x5641246fe550_0_8;
L_0x5641246fea40 .part o0x7fd6409b10c8, 10, 1;
LS_0x5641246feca0_0_0 .concat8 [ 1 1 1 1], L_0x5641246f8c70, L_0x5641246f9420, L_0x5641246f9b70, L_0x5641246f9da0;
LS_0x5641246feca0_0_4 .concat8 [ 1 1 1 1], L_0x5641246faa00, L_0x5641246fb160, L_0x5641246fb9a0, L_0x5641246fc540;
LS_0x5641246feca0_0_8 .concat8 [ 1 1 1 0], L_0x5641246fd020, L_0x5641246fd920, L_0x5641246ff0d0;
L_0x5641246feca0 .concat8 [ 4 4 3 0], LS_0x5641246feca0_0_0, LS_0x5641246feca0_0_4, LS_0x5641246feca0_0_8;
L_0x5641246ff190 .part L_0x5641246fdd50, 10, 1;
L_0x5641246ff400 .part L_0x5641246fe550, 10, 1;
S_0x5641246d1a40 .scope generate, "genblk1[0]" "genblk1[0]" 2 37, 2 37 0, S_0x5641246d1850;
 .timescale -9 -12;
P_0x5641246cb670 .param/l "i" 0 2 37, +C4<00>;
L_0x5641246f8840 .functor NAND 1, L_0x5641246f8900, L_0x5641246f89a0, C4<1>, C4<1>;
L_0x5641246f89a0 .functor NOT 1, o0x7fd6409b1128, C4<0>, C4<0>, C4<0>;
L_0x5641246f8a60 .functor NAND 1, L_0x5641246f8b80, o0x7fd6409b1128, C4<1>, C4<1>;
L_0x5641246f8c70 .functor NAND 1, L_0x5641246f8d70, L_0x5641246f8e60, C4<1>, C4<1>;
v0x5641246bf8e0_0 .net *"_s1", 0 0, L_0x5641246f8900;  1 drivers
v0x5641246bd960_0 .net *"_s2", 0 0, L_0x5641246f89a0;  1 drivers
v0x5641246c0ce0_0 .net *"_s5", 0 0, L_0x5641246f8b80;  1 drivers
v0x5641246bedf0_0 .net *"_s7", 0 0, L_0x5641246f8d70;  1 drivers
v0x5641246bcd90_0 .net *"_s8", 0 0, L_0x5641246f8e60;  1 drivers
S_0x5641246f1b50 .scope generate, "genblk1[1]" "genblk1[1]" 2 37, 2 37 0, S_0x5641246d1850;
 .timescale -9 -12;
P_0x5641246cab30 .param/l "i" 0 2 37, +C4<01>;
L_0x5641246f8f80 .functor NAND 1, L_0x5641246f9080, L_0x5641246f91c0, C4<1>, C4<1>;
L_0x5641246f91c0 .functor NOT 1, o0x7fd6409b1128, C4<0>, C4<0>, C4<0>;
L_0x5641246f9280 .functor NAND 1, L_0x5641246f92f0, o0x7fd6409b1128, C4<1>, C4<1>;
L_0x5641246f9420 .functor NAND 1, L_0x5641246f94c0, L_0x5641246f9600, C4<1>, C4<1>;
v0x5641246f1d80_0 .net *"_s1", 0 0, L_0x5641246f9080;  1 drivers
v0x5641246f1e60_0 .net *"_s2", 0 0, L_0x5641246f91c0;  1 drivers
v0x5641246f1f40_0 .net *"_s5", 0 0, L_0x5641246f92f0;  1 drivers
v0x5641246f2000_0 .net *"_s7", 0 0, L_0x5641246f94c0;  1 drivers
v0x5641246f20e0_0 .net *"_s8", 0 0, L_0x5641246f9600;  1 drivers
S_0x5641246f21c0 .scope generate, "genblk1[2]" "genblk1[2]" 2 37, 2 37 0, S_0x5641246d1850;
 .timescale -9 -12;
P_0x5641246cd560 .param/l "i" 0 2 37, +C4<010>;
L_0x5641246f9790 .functor NAND 1, L_0x5641246f9800, L_0x5641246f98f0, C4<1>, C4<1>;
L_0x5641246f98f0 .functor NOT 1, o0x7fd6409b1128, C4<0>, C4<0>, C4<0>;
L_0x5641246f99b0 .functor NAND 1, L_0x5641246f9a20, o0x7fd6409b1128, C4<1>, C4<1>;
L_0x5641246f9b70 .functor NAND 1, L_0x5641246f9c10, L_0x5641246f9cb0, C4<1>, C4<1>;
v0x5641246f23d0_0 .net *"_s1", 0 0, L_0x5641246f9800;  1 drivers
v0x5641246f24b0_0 .net *"_s2", 0 0, L_0x5641246f98f0;  1 drivers
v0x5641246f2590_0 .net *"_s5", 0 0, L_0x5641246f9a20;  1 drivers
v0x5641246f2680_0 .net *"_s7", 0 0, L_0x5641246f9c10;  1 drivers
v0x5641246f2760_0 .net *"_s8", 0 0, L_0x5641246f9cb0;  1 drivers
S_0x5641246f2840 .scope generate, "genblk1[3]" "genblk1[3]" 2 37, 2 37 0, S_0x5641246d1850;
 .timescale -9 -12;
P_0x5641246f2a30 .param/l "i" 0 2 37, +C4<011>;
L_0x5641246f9e10 .functor NAND 1, L_0x5641246f9eb0, L_0x5641246fa030, C4<1>, C4<1>;
L_0x5641246fa030 .functor NOT 1, o0x7fd6409b1128, C4<0>, C4<0>, C4<0>;
L_0x5641246fa0a0 .functor NAND 1, L_0x5641246fa110, o0x7fd6409b1128, C4<1>, C4<1>;
L_0x5641246f9da0 .functor NAND 1, L_0x5641246fa310, L_0x5641246fa440, C4<1>, C4<1>;
v0x5641246f2b10_0 .net *"_s1", 0 0, L_0x5641246f9eb0;  1 drivers
v0x5641246f2bf0_0 .net *"_s2", 0 0, L_0x5641246fa030;  1 drivers
v0x5641246f2cd0_0 .net *"_s5", 0 0, L_0x5641246fa110;  1 drivers
v0x5641246f2d90_0 .net *"_s7", 0 0, L_0x5641246fa310;  1 drivers
v0x5641246f2e70_0 .net *"_s8", 0 0, L_0x5641246fa440;  1 drivers
S_0x5641246f2fa0 .scope generate, "genblk1[4]" "genblk1[4]" 2 37, 2 37 0, S_0x5641246d1850;
 .timescale -9 -12;
P_0x5641246f31e0 .param/l "i" 0 2 37, +C4<0100>;
L_0x5641246fa600 .functor NAND 1, L_0x5641246fa6a0, L_0x5641246fa740, C4<1>, C4<1>;
L_0x5641246fa740 .functor NOT 1, o0x7fd6409b1128, C4<0>, C4<0>, C4<0>;
L_0x5641246fa800 .functor NAND 1, L_0x5641246fa870, o0x7fd6409b1128, C4<1>, C4<1>;
L_0x5641246faa00 .functor NAND 1, L_0x5641246fab00, L_0x5641246fabf0, C4<1>, C4<1>;
v0x5641246f32c0_0 .net *"_s1", 0 0, L_0x5641246fa6a0;  1 drivers
v0x5641246f33a0_0 .net *"_s2", 0 0, L_0x5641246fa740;  1 drivers
v0x5641246f3480_0 .net *"_s5", 0 0, L_0x5641246fa870;  1 drivers
v0x5641246f3540_0 .net *"_s7", 0 0, L_0x5641246fab00;  1 drivers
v0x5641246f3620_0 .net *"_s8", 0 0, L_0x5641246fabf0;  1 drivers
S_0x5641246f3750 .scope generate, "genblk1[5]" "genblk1[5]" 2 37, 2 37 0, S_0x5641246d1850;
 .timescale -9 -12;
P_0x5641246f3940 .param/l "i" 0 2 37, +C4<0101>;
L_0x5641246fad90 .functor NAND 1, L_0x5641246fa960, L_0x5641246fae80, C4<1>, C4<1>;
L_0x5641246fae80 .functor NOT 1, o0x7fd6409b1128, C4<0>, C4<0>, C4<0>;
L_0x5641246faf40 .functor NAND 1, L_0x5641246fafb0, o0x7fd6409b1128, C4<1>, C4<1>;
L_0x5641246fb160 .functor NAND 1, L_0x5641246fb260, L_0x5641246fb350, C4<1>, C4<1>;
v0x5641246f3a20_0 .net *"_s1", 0 0, L_0x5641246fa960;  1 drivers
v0x5641246f3b00_0 .net *"_s2", 0 0, L_0x5641246fae80;  1 drivers
v0x5641246f3be0_0 .net *"_s5", 0 0, L_0x5641246fafb0;  1 drivers
v0x5641246f3ca0_0 .net *"_s7", 0 0, L_0x5641246fb260;  1 drivers
v0x5641246f3d80_0 .net *"_s8", 0 0, L_0x5641246fb350;  1 drivers
S_0x5641246f3eb0 .scope generate, "genblk1[6]" "genblk1[6]" 2 37, 2 37 0, S_0x5641246d1850;
 .timescale -9 -12;
P_0x5641246f40a0 .param/l "i" 0 2 37, +C4<0110>;
L_0x5641246fb510 .functor NAND 1, L_0x5641246fb5b0, L_0x5641246fb6a0, C4<1>, C4<1>;
L_0x5641246fb6a0 .functor NOT 1, o0x7fd6409b1128, C4<0>, C4<0>, C4<0>;
L_0x5641246fb760 .functor NAND 1, L_0x5641246fb7d0, o0x7fd6409b1128, C4<1>, C4<1>;
L_0x5641246fb9a0 .functor NAND 1, L_0x5641246fbaa0, L_0x5641246fbb90, C4<1>, C4<1>;
v0x5641246f4180_0 .net *"_s1", 0 0, L_0x5641246fb5b0;  1 drivers
v0x5641246f4260_0 .net *"_s2", 0 0, L_0x5641246fb6a0;  1 drivers
v0x5641246f4340_0 .net *"_s5", 0 0, L_0x5641246fb7d0;  1 drivers
v0x5641246f4400_0 .net *"_s7", 0 0, L_0x5641246fbaa0;  1 drivers
v0x5641246f44e0_0 .net *"_s8", 0 0, L_0x5641246fbb90;  1 drivers
S_0x5641246f4610 .scope generate, "genblk1[7]" "genblk1[7]" 2 37, 2 37 0, S_0x5641246d1850;
 .timescale -9 -12;
P_0x5641246f4800 .param/l "i" 0 2 37, +C4<0111>;
L_0x5641246fbd70 .functor NAND 1, L_0x5641246fbe10, L_0x5641246fc010, C4<1>, C4<1>;
L_0x5641246fc010 .functor NOT 1, o0x7fd6409b1128, C4<0>, C4<0>, C4<0>;
L_0x5641246fc0d0 .functor NAND 1, L_0x5641246fc350, o0x7fd6409b1128, C4<1>, C4<1>;
L_0x5641246fc540 .functor NAND 1, L_0x5641246fc640, L_0x5641246fc840, C4<1>, C4<1>;
v0x5641246f48e0_0 .net *"_s1", 0 0, L_0x5641246fbe10;  1 drivers
v0x5641246f49c0_0 .net *"_s2", 0 0, L_0x5641246fc010;  1 drivers
v0x5641246f4aa0_0 .net *"_s5", 0 0, L_0x5641246fc350;  1 drivers
v0x5641246f4b60_0 .net *"_s7", 0 0, L_0x5641246fc640;  1 drivers
v0x5641246f4c40_0 .net *"_s8", 0 0, L_0x5641246fc840;  1 drivers
S_0x5641246f4d70 .scope generate, "genblk1[8]" "genblk1[8]" 2 37, 2 37 0, S_0x5641246d1850;
 .timescale -9 -12;
P_0x5641246f3190 .param/l "i" 0 2 37, +C4<01000>;
L_0x5641246fcb50 .functor NAND 1, L_0x5641246fcbf0, L_0x5641246fcce0, C4<1>, C4<1>;
L_0x5641246fcce0 .functor NOT 1, o0x7fd6409b1128, C4<0>, C4<0>, C4<0>;
L_0x5641246fcda0 .functor NAND 1, L_0x5641246fce10, o0x7fd6409b1128, C4<1>, C4<1>;
L_0x5641246fd020 .functor NAND 1, L_0x5641246fd120, L_0x5641246fd210, C4<1>, C4<1>;
v0x5641246f5080_0 .net *"_s1", 0 0, L_0x5641246fcbf0;  1 drivers
v0x5641246f5160_0 .net *"_s2", 0 0, L_0x5641246fcce0;  1 drivers
v0x5641246f5240_0 .net *"_s5", 0 0, L_0x5641246fce10;  1 drivers
v0x5641246f5300_0 .net *"_s7", 0 0, L_0x5641246fd120;  1 drivers
v0x5641246f53e0_0 .net *"_s8", 0 0, L_0x5641246fd210;  1 drivers
S_0x5641246f5510 .scope generate, "genblk1[9]" "genblk1[9]" 2 37, 2 37 0, S_0x5641246d1850;
 .timescale -9 -12;
P_0x5641246f5700 .param/l "i" 0 2 37, +C4<01001>;
L_0x5641246fd430 .functor NAND 1, L_0x5641246fd4d0, L_0x5641246fd5c0, C4<1>, C4<1>;
L_0x5641246fd5c0 .functor NOT 1, o0x7fd6409b1128, C4<0>, C4<0>, C4<0>;
L_0x5641246fd680 .functor NAND 1, L_0x5641246fd6f0, o0x7fd6409b1128, C4<1>, C4<1>;
L_0x5641246fd920 .functor NAND 1, L_0x5641246fda20, L_0x5641246fdb10, C4<1>, C4<1>;
v0x5641246f57e0_0 .net *"_s1", 0 0, L_0x5641246fd4d0;  1 drivers
v0x5641246f58c0_0 .net *"_s2", 0 0, L_0x5641246fd5c0;  1 drivers
v0x5641246f59a0_0 .net *"_s5", 0 0, L_0x5641246fd6f0;  1 drivers
v0x5641246f5a60_0 .net *"_s7", 0 0, L_0x5641246fda20;  1 drivers
v0x5641246f5b40_0 .net *"_s8", 0 0, L_0x5641246fdb10;  1 drivers
S_0x5641246f5c70 .scope generate, "genblk1[10]" "genblk1[10]" 2 37, 2 37 0, S_0x5641246d1850;
 .timescale -9 -12;
P_0x5641246f5e60 .param/l "i" 0 2 37, +C4<01010>;
L_0x5641246fe180 .functor NAND 1, L_0x5641246fe240, L_0x5641246fe490, C4<1>, C4<1>;
L_0x5641246fe490 .functor NOT 1, o0x7fd6409b1128, C4<0>, C4<0>, C4<0>;
L_0x5641246fe980 .functor NAND 1, L_0x5641246fea40, o0x7fd6409b1128, C4<1>, C4<1>;
L_0x5641246ff0d0 .functor NAND 1, L_0x5641246ff190, L_0x5641246ff400, C4<1>, C4<1>;
v0x5641246f5f40_0 .net *"_s1", 0 0, L_0x5641246fe240;  1 drivers
v0x5641246f6020_0 .net *"_s2", 0 0, L_0x5641246fe490;  1 drivers
v0x5641246f6100_0 .net *"_s5", 0 0, L_0x5641246fea40;  1 drivers
v0x5641246f61c0_0 .net *"_s7", 0 0, L_0x5641246ff190;  1 drivers
v0x5641246f62a0_0 .net *"_s8", 0 0, L_0x5641246ff400;  1 drivers
# The file index is used to find the file name in the following table.
:file_names 3;
    "N/A";
    "<interactive>";
    "Shifters/Mux2x1_11.v";
